<?xml version="1.0" encoding="UTF-8"?>
<testng-results skipped="0" failed="0" ignored="0" total="1" passed="1">
  <reporter-output>
  </reporter-output>
  <suite name="Default suite" duration-ms="27766" started-at="2018-09-26T13:16:08Z" finished-at="2018-09-26T13:16:36Z">
    <groups>
    </groups>
    <test name="Default test" duration-ms="27766" started-at="2018-09-26T13:16:08Z" finished-at="2018-09-26T13:16:36Z">
      <class name="testCases.stationNearByTestCases">
        <test-method status="PASS" signature="setup()[pri:0, instance:testCases.stationNearByTestCases@6d4b1c02]" name="setup" is-config="true" duration-ms="10398" started-at="2018-09-26T13:16:08Z" finished-at="2018-09-26T13:16:19Z">
          <reporter-output>
          </reporter-output>
        </test-method> <!-- setup -->
        <test-method status="PASS" signature="verifyDetailClosefeature()[pri:9, instance:testCases.stationNearByTestCases@6d4b1c02]" name="verifyDetailClosefeature" duration-ms="14368" started-at="2018-09-26T13:16:19Z" finished-at="2018-09-26T13:16:33Z">
          <reporter-output>
          </reporter-output>
        </test-method> <!-- verifyDetailClosefeature -->
        <test-method status="PASS" signature="quitApp()[pri:0, instance:testCases.stationNearByTestCases@6d4b1c02]" name="quitApp" is-config="true" duration-ms="2962" started-at="2018-09-26T13:16:33Z" finished-at="2018-09-26T13:16:36Z">
          <reporter-output>
          </reporter-output>
        </test-method> <!-- quitApp -->
      </class> <!-- testCases.stationNearByTestCases -->
    </test> <!-- Default test -->
  </suite> <!-- Default suite -->
</testng-results>
